<?xml version="1.0" encoding="UTF-8"?>
<testsuite xmlns:xsi="http://www.w3.org/2001/XMLSchema-instance" xsi:noNamespaceSchemaLocation="https://maven.apache.org/surefire/maven-surefire-plugin/xsd/surefire-test-report.xsd" version="3.0.2" name="com.luv2code.junitdemo.tdd.FizzBuzzTest" time="0.481" tests="169" errors="0" skipped="0" failures="0">
  <properties>
[...]
</properties>
  <testcase name="divisibleByThree" classname="com.luv2code.junitdemo.tdd.FizzBuzzTest" time="0.004"/>
  <testcase name="divisibleByFive" classname="com.luv2code.junitdemo.tdd.FizzBuzzTest" time="0.002"/>
  <testcase name="divisibleByThreeAndFive" classname="com.luv2code.junitdemo.tdd.FizzBuzzTest" time="0.001"/>
  <testcase name="divisibleByThreeOrFive" classname="com.luv2code.junitdemo.tdd.FizzBuzzTest" time="0.001"/>
  <testcase name="paremterizedTestForMediumFile(int, String)[1]" classname="com.luv2code.junitdemo.tdd.FizzBuzzTest" time="0.034"/>
  <testcase name="paremterizedTestForMediumFile(int, String)[2]" classname="com.luv2code.junitdemo.tdd.FizzBuzzTest" time="0.001"/>
  <testcase name="paremterizedTestForMediumFile(int, String)[3]" classname="com.luv2code.junitdemo.tdd.FizzBuzzTest" time="0.001"/>
  <testcase name="paremterizedTestForMediumFile(int, String)[4]" classname="com.luv2code.junitdemo.tdd.FizzBuzzTest" time="0.002"/>
  <testcase name="paremterizedTestForMediumFile(int, String)[5]" classname="com.luv2code.junitdemo.tdd.FizzBuzzTest" time="0.001"/>
  <testcase name="paremterizedTestForMediumFile(int, String)[6]" classname="com.luv2code.junitdemo.tdd.FizzBuzzTest" time="0.002"/>
  <testcase name="paremterizedTestForMediumFile(int, String)[7]" classname="com.luv2code.junitdemo.tdd.FizzBuzzTest" time="0.001"/>
  <testcase name="paremterizedTestForMediumFile(int, String)[8]" classname="com.luv2code.junitdemo.tdd.FizzBuzzTest" time="0.001"/>
  <testcase name="paremterizedTestForMediumFile(int, String)[9]" classname="com.luv2code.junitdemo.tdd.FizzBuzzTest" time="0.001"/>
  <testcase name="paremterizedTestForMediumFile(int, String)[10]" classname="com.luv2code.junitdemo.tdd.FizzBuzzTest" time="0.001"/>
  <testcase name="paremterizedTestForMediumFile(int, String)[11]" classname="com.luv2code.junitdemo.tdd.FizzBuzzTest" time="0.002"/>
  <testcase name="paremterizedTestForMediumFile(int, String)[12]" classname="com.luv2code.junitdemo.tdd.FizzBuzzTest" time="0.002"/>
  <testcase name="paremterizedTestForMediumFile(int, String)[13]" classname="com.luv2code.junitdemo.tdd.FizzBuzzTest" time="0.001"/>
  <testcase name="paremterizedTestForMediumFile(int, String)[14]" classname="com.luv2code.junitdemo.tdd.FizzBuzzTest" time="0.001"/>
  <testcase name="paremterizedTestForMediumFile(int, String)[15]" classname="com.luv2code.junitdemo.tdd.FizzBuzzTest" time="0.002"/>
  <testcase name="paremterizedTestForMediumFile(int, String)[16]" classname="com.luv2code.junitdemo.tdd.FizzBuzzTest" time="0.001"/>
  <testcase name="paremterizedTestForMediumFile(int, String)[17]" classname="com.luv2code.junitdemo.tdd.FizzBuzzTest" time="0.001"/>
  <testcase name="paremterizedTestForMediumFile(int, String)[18]" classname="com.luv2code.junitdemo.tdd.FizzBuzzTest" time="0.002"/>
  <testcase name="paremterizedTestForMediumFile(int, String)[19]" classname="com.luv2code.junitdemo.tdd.FizzBuzzTest" time="0.002"/>
  <testcase name="paremterizedTestForMediumFile(int, String)[20]" classname="com.luv2code.junitdemo.tdd.FizzBuzzTest" time="0.002"/>
  <testcase name="paremterizedTestForMediumFile(int, String)[21]" classname="com.luv2code.junitdemo.tdd.FizzBuzzTest" time="0.003"/>
  <testcase name="paremterizedTestForMediumFile(int, String)[22]" classname="com.luv2code.junitdemo.tdd.FizzBuzzTest" time="0.001"/>
  <testcase name="paremterizedTestForMediumFile(int, String)[23]" classname="com.luv2code.junitdemo.tdd.FizzBuzzTest" time="0.001"/>
  <testcase name="paremterizedTestForMediumFile(int, String)[24]" classname="com.luv2code.junitdemo.tdd.FizzBuzzTest" time="0.001"/>
  <testcase name="paremterizedTestForMediumFile(int, String)[25]" classname="com.luv2code.junitdemo.tdd.FizzBuzzTest" time="0.001"/>
  <testcase name="paremterizedTestForMediumFile(int, String)[26]" classname="com.luv2code.junitdemo.tdd.FizzBuzzTest" time="0.001"/>
  <testcase name="paremterizedTestForMediumFile(int, String)[27]" classname="com.luv2code.junitdemo.tdd.FizzBuzzTest" time="0.001"/>
  <testcase name="paremterizedTestForMediumFile(int, String)[28]" classname="com.luv2code.junitdemo.tdd.FizzBuzzTest" time="0.0"/>
  <testcase name="paremterizedTestForMediumFile(int, String)[29]" classname="com.luv2code.junitdemo.tdd.FizzBuzzTest" time="0.001"/>
  <testcase name="paremterizedTestForMediumFile(int, String)[30]" classname="com.luv2code.junitdemo.tdd.FizzBuzzTest" time="0.0"/>
  <testcase name="paremterizedTestForMediumFile(int, String)[31]" classname="com.luv2code.junitdemo.tdd.FizzBuzzTest" time="0.001"/>
  <testcase name="paremterizedTestForMediumFile(int, String)[32]" classname="com.luv2code.junitdemo.tdd.FizzBuzzTest" time="0.001"/>
  <testcase name="paremterizedTestForMediumFile(int, String)[33]" classname="com.luv2code.junitdemo.tdd.FizzBuzzTest" time="0.001"/>
  <testcase name="paremterizedTestForMediumFile(int, String)[34]" classname="com.luv2code.junitdemo.tdd.FizzBuzzTest" time="0.001"/>
  <testcase name="paremterizedTestForMediumFile(int, String)[35]" classname="com.luv2code.junitdemo.tdd.FizzBuzzTest" time="0.001"/>
  <testcase name="paremterizedTestForMediumFile(int, String)[36]" classname="com.luv2code.junitdemo.tdd.FizzBuzzTest" time="0.001"/>
  <testcase name="paremterizedTestForMediumFile(int, String)[37]" classname="com.luv2code.junitdemo.tdd.FizzBuzzTest" time="0.0"/>
  <testcase name="paremterizedTestForMediumFile(int, String)[38]" classname="com.luv2code.junitdemo.tdd.FizzBuzzTest" time="0.0"/>
  <testcase name="paremterizedTestForMediumFile(int, String)[39]" classname="com.luv2code.junitdemo.tdd.FizzBuzzTest" time="0.0"/>
  <testcase name="paremterizedTestForMediumFile(int, String)[40]" classname="com.luv2code.junitdemo.tdd.FizzBuzzTest" time="0.001"/>
  <testcase name="paremterizedTestForMediumFile(int, String)[41]" classname="com.luv2code.junitdemo.tdd.FizzBuzzTest" time="0.0"/>
  <testcase name="paremterizedTestForMediumFile(int, String)[42]" classname="com.luv2code.junitdemo.tdd.FizzBuzzTest" time="0.0"/>
  <testcase name="paremterizedTestForMediumFile(int, String)[43]" classname="com.luv2code.junitdemo.tdd.FizzBuzzTest" time="0.001"/>
  <testcase name="paremterizedTestForMediumFile(int, String)[44]" classname="com.luv2code.junitdemo.tdd.FizzBuzzTest" time="0.0"/>
  <testcase name="paremterizedTestForMediumFile(int, String)[45]" classname="com.luv2code.junitdemo.tdd.FizzBuzzTest" time="0.002"/>
  <testcase name="paremterizedTestForMediumFile(int, String)[46]" classname="com.luv2code.junitdemo.tdd.FizzBuzzTest" time="0.001"/>
  <testcase name="paremterizedTestForMediumFile(int, String)[47]" classname="com.luv2code.junitdemo.tdd.FizzBuzzTest" time="0.0"/>
  <testcase name="paremterizedTestForMediumFile(int, String)[48]" classname="com.luv2code.junitdemo.tdd.FizzBuzzTest" time="0.001"/>
  <testcase name="paremterizedTestForMediumFile(int, String)[49]" classname="com.luv2code.junitdemo.tdd.FizzBuzzTest" time="0.001"/>
  <testcase name="paremterizedTestForMediumFile(int, String)[50]" classname="com.luv2code.junitdemo.tdd.FizzBuzzTest" time="0.001"/>
  <testcase name="paremterizedTestForLargeFile(int, String)[1]" classname="com.luv2code.junitdemo.tdd.FizzBuzzTest" time="0.003"/>
  <testcase name="paremterizedTestForLargeFile(int, String)[2]" classname="com.luv2code.junitdemo.tdd.FizzBuzzTest" time="0.001"/>
  <testcase name="paremterizedTestForLargeFile(int, String)[3]" classname="com.luv2code.junitdemo.tdd.FizzBuzzTest" time="0.0"/>
  <testcase name="paremterizedTestForLargeFile(int, String)[4]" classname="com.luv2code.junitdemo.tdd.FizzBuzzTest" time="0.001"/>
  <testcase name="paremterizedTestForLargeFile(int, String)[5]" classname="com.luv2code.junitdemo.tdd.FizzBuzzTest" time="0.001"/>
  <testcase name="paremterizedTestForLargeFile(int, String)[6]" classname="com.luv2code.junitdemo.tdd.FizzBuzzTest" time="0.0"/>
  <testcase name="paremterizedTestForLargeFile(int, String)[7]" classname="com.luv2code.junitdemo.tdd.FizzBuzzTest" time="0.001"/>
  <testcase name="paremterizedTestForLargeFile(int, String)[8]" classname="com.luv2code.junitdemo.tdd.FizzBuzzTest" time="0.0"/>
  <testcase name="paremterizedTestForLargeFile(int, String)[9]" classname="com.luv2code.junitdemo.tdd.FizzBuzzTest" time="0.0"/>
  <testcase name="paremterizedTestForLargeFile(int, String)[10]" classname="com.luv2code.junitdemo.tdd.FizzBuzzTest" time="0.0"/>
  <testcase name="paremterizedTestForLargeFile(int, String)[11]" classname="com.luv2code.junitdemo.tdd.FizzBuzzTest" time="0.001"/>
  <testcase name="paremterizedTestForLargeFile(int, String)[12]" classname="com.luv2code.junitdemo.tdd.FizzBuzzTest" time="0.002"/>
  <testcase name="paremterizedTestForLargeFile(int, String)[13]" classname="com.luv2code.junitdemo.tdd.FizzBuzzTest" time="0.001"/>
  <testcase name="paremterizedTestForLargeFile(int, String)[14]" classname="com.luv2code.junitdemo.tdd.FizzBuzzTest" time="0.001"/>
  <testcase name="paremterizedTestForLargeFile(int, String)[15]" classname="com.luv2code.junitdemo.tdd.FizzBuzzTest" time="0.001"/>
  <testcase name="paremterizedTestForLargeFile(int, String)[16]" classname="com.luv2code.junitdemo.tdd.FizzBuzzTest" time="0.0"/>
  <testcase name="paremterizedTestForLargeFile(int, String)[17]" classname="com.luv2code.junitdemo.tdd.FizzBuzzTest" time="0.001"/>
  <testcase name="paremterizedTestForLargeFile(int, String)[18]" classname="com.luv2code.junitdemo.tdd.FizzBuzzTest" time="0.001"/>
  <testcase name="paremterizedTestForLargeFile(int, String)[19]" classname="com.luv2code.junitdemo.tdd.FizzBuzzTest" time="0.0"/>
  <testcase name="paremterizedTestForLargeFile(int, String)[20]" classname="com.luv2code.junitdemo.tdd.FizzBuzzTest" time="0.001"/>
  <testcase name="paremterizedTestForLargeFile(int, String)[21]" classname="com.luv2code.junitdemo.tdd.FizzBuzzTest" time="0.0"/>
  <testcase name="paremterizedTestForLargeFile(int, String)[22]" classname="com.luv2code.junitdemo.tdd.FizzBuzzTest" time="0.0"/>
  <testcase name="paremterizedTestForLargeFile(int, String)[23]" classname="com.luv2code.junitdemo.tdd.FizzBuzzTest" time="0.0"/>
  <testcase name="paremterizedTestForLargeFile(int, String)[24]" classname="com.luv2code.junitdemo.tdd.FizzBuzzTest" time="0.001"/>
  <testcase name="paremterizedTestForLargeFile(int, String)[25]" classname="com.luv2code.junitdemo.tdd.FizzBuzzTest" time="0.001"/>
  <testcase name="paremterizedTestForLargeFile(int, String)[26]" classname="com.luv2code.junitdemo.tdd.FizzBuzzTest" time="0.001"/>
  <testcase name="paremterizedTestForLargeFile(int, String)[27]" classname="com.luv2code.junitdemo.tdd.FizzBuzzTest" time="0.001"/>
  <testcase name="paremterizedTestForLargeFile(int, String)[28]" classname="com.luv2code.junitdemo.tdd.FizzBuzzTest" time="0.001"/>
  <testcase name="paremterizedTestForLargeFile(int, String)[29]" classname="com.luv2code.junitdemo.tdd.FizzBuzzTest" time="0.0"/>
  <testcase name="paremterizedTestForLargeFile(int, String)[30]" classname="com.luv2code.junitdemo.tdd.FizzBuzzTest" time="0.001"/>
  <testcase name="paremterizedTestForLargeFile(int, String)[31]" classname="com.luv2code.junitdemo.tdd.FizzBuzzTest" time="0.001"/>
  <testcase name="paremterizedTestForLargeFile(int, String)[32]" classname="com.luv2code.junitdemo.tdd.FizzBuzzTest" time="0.001"/>
  <testcase name="paremterizedTestForLargeFile(int, String)[33]" classname="com.luv2code.junitdemo.tdd.FizzBuzzTest" time="0.001"/>
  <testcase name="paremterizedTestForLargeFile(int, String)[34]" classname="com.luv2code.junitdemo.tdd.FizzBuzzTest" time="0.001"/>
  <testcase name="paremterizedTestForLargeFile(int, String)[35]" classname="com.luv2code.junitdemo.tdd.FizzBuzzTest" time="0.0"/>
  <testcase name="paremterizedTestForLargeFile(int, String)[36]" classname="com.luv2code.junitdemo.tdd.FizzBuzzTest" time="0.001"/>
  <testcase name="paremterizedTestForLargeFile(int, String)[37]" classname="com.luv2code.junitdemo.tdd.FizzBuzzTest" time="0.001"/>
  <testcase name="paremterizedTestForLargeFile(int, String)[38]" classname="com.luv2code.junitdemo.tdd.FizzBuzzTest" time="0.001"/>
  <testcase name="paremterizedTestForLargeFile(int, String)[39]" classname="com.luv2code.junitdemo.tdd.FizzBuzzTest" time="0.001"/>
  <testcase name="paremterizedTestForLargeFile(int, String)[40]" classname="com.luv2code.junitdemo.tdd.FizzBuzzTest" time="0.001"/>
  <testcase name="paremterizedTestForLargeFile(int, String)[41]" classname="com.luv2code.junitdemo.tdd.FizzBuzzTest" time="0.001"/>
  <testcase name="paremterizedTestForLargeFile(int, String)[42]" classname="com.luv2code.junitdemo.tdd.FizzBuzzTest" time="0.001"/>
  <testcase name="paremterizedTestForLargeFile(int, String)[43]" classname="com.luv2code.junitdemo.tdd.FizzBuzzTest" time="0.002"/>
  <testcase name="paremterizedTestForLargeFile(int, String)[44]" classname="com.luv2code.junitdemo.tdd.FizzBuzzTest" time="0.001"/>
  <testcase name="paremterizedTestForLargeFile(int, String)[45]" classname="com.luv2code.junitdemo.tdd.FizzBuzzTest" time="0.001"/>
  <testcase name="paremterizedTestForLargeFile(int, String)[46]" classname="com.luv2code.junitdemo.tdd.FizzBuzzTest" time="0.0"/>
  <testcase name="paremterizedTestForLargeFile(int, String)[47]" classname="com.luv2code.junitdemo.tdd.FizzBuzzTest" time="0.001"/>
  <testcase name="paremterizedTestForLargeFile(int, String)[48]" classname="com.luv2code.junitdemo.tdd.FizzBuzzTest" time="0.001"/>
  <testcase name="paremterizedTestForLargeFile(int, String)[49]" classname="com.luv2code.junitdemo.tdd.FizzBuzzTest" time="0.0"/>
  <testcase name="paremterizedTestForLargeFile(int, String)[50]" classname="com.luv2code.junitdemo.tdd.FizzBuzzTest" time="0.001"/>
  <testcase name="paremterizedTestForLargeFile(int, String)[51]" classname="com.luv2code.junitdemo.tdd.FizzBuzzTest" time="0.001"/>
  <testcase name="paremterizedTestForLargeFile(int, String)[52]" classname="com.luv2code.junitdemo.tdd.FizzBuzzTest" time="0.0"/>
  <testcase name="paremterizedTestForLargeFile(int, String)[53]" classname="com.luv2code.junitdemo.tdd.FizzBuzzTest" time="0.0"/>
  <testcase name="paremterizedTestForLargeFile(int, String)[54]" classname="com.luv2code.junitdemo.tdd.FizzBuzzTest" time="0.001"/>
  <testcase name="paremterizedTestForLargeFile(int, String)[55]" classname="com.luv2code.junitdemo.tdd.FizzBuzzTest" time="0.0"/>
  <testcase name="paremterizedTestForLargeFile(int, String)[56]" classname="com.luv2code.junitdemo.tdd.FizzBuzzTest" time="0.001"/>
  <testcase name="paremterizedTestForLargeFile(int, String)[57]" classname="com.luv2code.junitdemo.tdd.FizzBuzzTest" time="0.001"/>
  <testcase name="paremterizedTestForLargeFile(int, String)[58]" classname="com.luv2code.junitdemo.tdd.FizzBuzzTest" time="0.0"/>
  <testcase name="paremterizedTestForLargeFile(int, String)[59]" classname="com.luv2code.junitdemo.tdd.FizzBuzzTest" time="0.0"/>
  <testcase name="paremterizedTestForLargeFile(int, String)[60]" classname="com.luv2code.junitdemo.tdd.FizzBuzzTest" time="0.001"/>
  <testcase name="paremterizedTestForLargeFile(int, String)[61]" classname="com.luv2code.junitdemo.tdd.FizzBuzzTest" time="0.001"/>
  <testcase name="paremterizedTestForLargeFile(int, String)[62]" classname="com.luv2code.junitdemo.tdd.FizzBuzzTest" time="0.0"/>
  <testcase name="paremterizedTestForLargeFile(int, String)[63]" classname="com.luv2code.junitdemo.tdd.FizzBuzzTest" time="0.001"/>
  <testcase name="paremterizedTestForLargeFile(int, String)[64]" classname="com.luv2code.junitdemo.tdd.FizzBuzzTest" time="0.0"/>
  <testcase name="paremterizedTestForLargeFile(int, String)[65]" classname="com.luv2code.junitdemo.tdd.FizzBuzzTest" time="0.001"/>
  <testcase name="paremterizedTestForLargeFile(int, String)[66]" classname="com.luv2code.junitdemo.tdd.FizzBuzzTest" time="0.0"/>
  <testcase name="paremterizedTestForLargeFile(int, String)[67]" classname="com.luv2code.junitdemo.tdd.FizzBuzzTest" time="0.001"/>
  <testcase name="paremterizedTestForLargeFile(int, String)[68]" classname="com.luv2code.junitdemo.tdd.FizzBuzzTest" time="0.001"/>
  <testcase name="paremterizedTestForLargeFile(int, String)[69]" classname="com.luv2code.junitdemo.tdd.FizzBuzzTest" time="0.001"/>
  <testcase name="paremterizedTestForLargeFile(int, String)[70]" classname="com.luv2code.junitdemo.tdd.FizzBuzzTest" time="0.0"/>
  <testcase name="paremterizedTestForLargeFile(int, String)[71]" classname="com.luv2code.junitdemo.tdd.FizzBuzzTest" time="0.0"/>
  <testcase name="paremterizedTestForLargeFile(int, String)[72]" classname="com.luv2code.junitdemo.tdd.FizzBuzzTest" time="0.001"/>
  <testcase name="paremterizedTestForLargeFile(int, String)[73]" classname="com.luv2code.junitdemo.tdd.FizzBuzzTest" time="0.0"/>
  <testcase name="paremterizedTestForLargeFile(int, String)[74]" classname="com.luv2code.junitdemo.tdd.FizzBuzzTest" time="0.001"/>
  <testcase name="paremterizedTestForLargeFile(int, String)[75]" classname="com.luv2code.junitdemo.tdd.FizzBuzzTest" time="0.001"/>
  <testcase name="paremterizedTestForLargeFile(int, String)[76]" classname="com.luv2code.junitdemo.tdd.FizzBuzzTest" time="0.001"/>
  <testcase name="paremterizedTestForLargeFile(int, String)[77]" classname="com.luv2code.junitdemo.tdd.FizzBuzzTest" time="0.001"/>
  <testcase name="paremterizedTestForLargeFile(int, String)[78]" classname="com.luv2code.junitdemo.tdd.FizzBuzzTest" time="0.001"/>
  <testcase name="paremterizedTestForLargeFile(int, String)[79]" classname="com.luv2code.junitdemo.tdd.FizzBuzzTest" time="0.001"/>
  <testcase name="paremterizedTestForLargeFile(int, String)[80]" classname="com.luv2code.junitdemo.tdd.FizzBuzzTest" time="0.001"/>
  <testcase name="paremterizedTestForLargeFile(int, String)[81]" classname="com.luv2code.junitdemo.tdd.FizzBuzzTest" time="0.0"/>
  <testcase name="paremterizedTestForLargeFile(int, String)[82]" classname="com.luv2code.junitdemo.tdd.FizzBuzzTest" time="0.0"/>
  <testcase name="paremterizedTestForLargeFile(int, String)[83]" classname="com.luv2code.junitdemo.tdd.FizzBuzzTest" time="0.0"/>
  <testcase name="paremterizedTestForLargeFile(int, String)[84]" classname="com.luv2code.junitdemo.tdd.FizzBuzzTest" time="0.001"/>
  <testcase name="paremterizedTestForLargeFile(int, String)[85]" classname="com.luv2code.junitdemo.tdd.FizzBuzzTest" time="0.001"/>
  <testcase name="paremterizedTestForLargeFile(int, String)[86]" classname="com.luv2code.junitdemo.tdd.FizzBuzzTest" time="0.0"/>
  <testcase name="paremterizedTestForLargeFile(int, String)[87]" classname="com.luv2code.junitdemo.tdd.FizzBuzzTest" time="0.0"/>
  <testcase name="paremterizedTestForLargeFile(int, String)[88]" classname="com.luv2code.junitdemo.tdd.FizzBuzzTest" time="0.0"/>
  <testcase name="paremterizedTestForLargeFile(int, String)[89]" classname="com.luv2code.junitdemo.tdd.FizzBuzzTest" time="0.001"/>
  <testcase name="paremterizedTestForLargeFile(int, String)[90]" classname="com.luv2code.junitdemo.tdd.FizzBuzzTest" time="0.0"/>
  <testcase name="paremterizedTestForLargeFile(int, String)[91]" classname="com.luv2code.junitdemo.tdd.FizzBuzzTest" time="0.001"/>
  <testcase name="paremterizedTestForLargeFile(int, String)[92]" classname="com.luv2code.junitdemo.tdd.FizzBuzzTest" time="0.001"/>
  <testcase name="paremterizedTestForLargeFile(int, String)[93]" classname="com.luv2code.junitdemo.tdd.FizzBuzzTest" time="0.001"/>
  <testcase name="paremterizedTestForLargeFile(int, String)[94]" classname="com.luv2code.junitdemo.tdd.FizzBuzzTest" time="0.001"/>
  <testcase name="paremterizedTestForLargeFile(int, String)[95]" classname="com.luv2code.junitdemo.tdd.FizzBuzzTest" time="0.0"/>
  <testcase name="paremterizedTestForLargeFile(int, String)[96]" classname="com.luv2code.junitdemo.tdd.FizzBuzzTest" time="0.0"/>
  <testcase name="paremterizedTestForLargeFile(int, String)[97]" classname="com.luv2code.junitdemo.tdd.FizzBuzzTest" time="0.0"/>
  <testcase name="paremterizedTestForLargeFile(int, String)[98]" classname="com.luv2code.junitdemo.tdd.FizzBuzzTest" time="0.001"/>
  <testcase name="paremterizedTestForLargeFile(int, String)[99]" classname="com.luv2code.junitdemo.tdd.FizzBuzzTest" time="0.001"/>
  <testcase name="paremterizedTestForLargeFile(int, String)[100]" classname="com.luv2code.junitdemo.tdd.FizzBuzzTest" time="0.0"/>
  <testcase name="paremterizedTestForSmallFile(int, String)[1]" classname="com.luv2code.junitdemo.tdd.FizzBuzzTest" time="0.001"/>
  <testcase name="paremterizedTestForSmallFile(int, String)[2]" classname="com.luv2code.junitdemo.tdd.FizzBuzzTest" time="0.001"/>
  <testcase name="paremterizedTestForSmallFile(int, String)[3]" classname="com.luv2code.junitdemo.tdd.FizzBuzzTest" time="0.0"/>
  <testcase name="paremterizedTestForSmallFile(int, String)[4]" classname="com.luv2code.junitdemo.tdd.FizzBuzzTest" time="0.0"/>
  <testcase name="paremterizedTestForSmallFile(int, String)[5]" classname="com.luv2code.junitdemo.tdd.FizzBuzzTest" time="0.001"/>
  <testcase name="paremterizedTestForSmallFile(int, String)[6]" classname="com.luv2code.junitdemo.tdd.FizzBuzzTest" time="0.001"/>
  <testcase name="paremterizedTestForSmallFile(int, String)[7]" classname="com.luv2code.junitdemo.tdd.FizzBuzzTest" time="0.0"/>
  <testcase name="paremterizedTestForSmallFile(int, String)[8]" classname="com.luv2code.junitdemo.tdd.FizzBuzzTest" time="0.0"/>
  <testcase name="paremterizedTestForSmallFile(int, String)[9]" classname="com.luv2code.junitdemo.tdd.FizzBuzzTest" time="0.001"/>
  <testcase name="paremterizedTestForSmallFile(int, String)[10]" classname="com.luv2code.junitdemo.tdd.FizzBuzzTest" time="0.001"/>
  <testcase name="paremterizedTestForSmallFile(int, String)[11]" classname="com.luv2code.junitdemo.tdd.FizzBuzzTest" time="0.0"/>
  <testcase name="paremterizedTestForSmallFile(int, String)[12]" classname="com.luv2code.junitdemo.tdd.FizzBuzzTest" time="0.0"/>
  <testcase name="paremterizedTestForSmallFile(int, String)[13]" classname="com.luv2code.junitdemo.tdd.FizzBuzzTest" time="0.001"/>
  <testcase name="paremterizedTestForSmallFile(int, String)[14]" classname="com.luv2code.junitdemo.tdd.FizzBuzzTest" time="0.001"/>
  <testcase name="paremterizedTestForSmallFile(int, String)[15]" classname="com.luv2code.junitdemo.tdd.FizzBuzzTest" time="0.001"/>
</testsuite>