<?xml version="1.0" encoding="UTF-8"?>
<testsuite xmlns:xsi="http://www.w3.org/2001/XMLSchema-instance" xsi:noNamespaceSchemaLocation="https://maven.apache.org/surefire/maven-surefire-plugin/xsd/surefire-test-report.xsd" version="3.0.2" name="com.luv2code.junitdemo.ConditionalTest" time="0.104" tests="7" errors="0" skipped="5" failures="0">
  <properties>
[...]
</properties>
  <testcase name="macAndWinodwOnly" classname="com.luv2code.junitdemo.ConditionalTest" time="0.039"/>
  <testcase name="linuxOnly" classname="com.luv2code.junitdemo.ConditionalTest" time="0.0">
    <skipped message="Disabled on operating system: Windows 11"/>
  </testcase>
  <testcase name="systemProperties" classname="com.luv2code.junitdemo.ConditionalTest" time="0.0">
    <skipped message="System property [system] does not exist"/>
  </testcase>
  <testcase name="macOnly" classname="com.luv2code.junitdemo.ConditionalTest" time="0.0">
    <skipped message="Disabled on operating system: Windows 11"/>
  </testcase>
  <testcase name="environmnetVaribale" classname="com.luv2code.junitdemo.ConditionalTest" time="0.0">
    <skipped message="Environment variable [bhaskar] does not exist"/>
  </testcase>
  <testcase name="diabled" classname="com.luv2code.junitdemo.ConditionalTest" time="0.0">
    <skipped message="public void com.luv2code.junitdemo.ConditionalTest.diabled() is @Disabled"/>
  </testcase>
  <testcase name="windowOnly" classname="com.luv2code.junitdemo.ConditionalTest" time="0.005"/>
</testsuite>